<?xml version="1.0" encoding="utf-8"?>
<test-run id="2" testcasecount="8" result="Failed(Child)" total="8" passed="4" failed="4" inconclusive="0" skipped="0" asserts="0" engine-version="3.5.0.0" clr-version="4.0.30319.42000" start-time="2026-07-29 03:06:29Z" end-time="2026-07-29 03:06:37Z" duration="8.4870031">
  <test-suite type="TestSuite" id="1000" name="Norn：The Lost Spells" fullname="Norn：The Lost Spells" runstate="Runnable" testcasecount="428" result="Failed" site="Child" start-time="2026-07-29 03:06:29Z" end-time="2026-07-29 03:06:37Z" duration="8.487003" total="8" passed="4" failed="4" inconclusive="0" skipped="0" asserts="0">
    <properties>
      <property name="platform" value="EditMode" />
    </properties>
    <failure>
      <message><![CDATA[One or more child tests had errors]]></message>
    </failure>
    <test-suite type="Assembly" id="1137" name="Game.Combat.Tests.dll" fullname="F:/Develop Project/RPG/RPG/Library/ScriptAssemblies/Game.Combat.Tests.dll" runstate="Runnable" testcasecount="75" result="Failed" site="Child" start-time="2026-07-29 03:06:29Z" end-time="2026-07-29 03:06:32Z" duration="2.268824" total="2" passed="0" failed="2" inconclusive="0" skipped="0" asserts="0">
      <properties>
        <property name="_PID" value="22368" />
        <property name="_APPDOMAIN" value="Unity Child Domain" />
        <property name="platform" value="EditMode" />
        <property name="EditorOnly" value="True" />
      </properties>
      <failure>
        <message><![CDATA[One or more child tests had errors]]></message>
      </failure>
      <test-suite type="TestSuite" id="1138" name="Game" fullname="Game" runstate="Runnable" testcasecount="75" result="Failed" site="Child" start-time="2026-07-29 03:06:29Z" end-time="2026-07-29 03:06:32Z" duration="2.255266" total="2" passed="0" failed="2" inconclusive="0" skipped="0" asserts="0">
        <properties />
        <failure>
          <message><![CDATA[One or more child tests had errors]]></message>
        </failure>
        <test-suite type="TestSuite" id="1139" name="Combat" fullname="Game.Combat" runstate="Runnable" testcasecount="75" result="Failed" site="Child" start-time="2026-07-29 03:06:29Z" end-time="2026-07-29 03:06:32Z" duration="2.155978" total="2" passed="0" failed="2" inconclusive="0" skipped="0" asserts="0">
          <properties />
          <failure>
            <message><![CDATA[One or more child tests had errors]]></message>
          </failure>
          <test-suite type="TestSuite" id="1140" name="Tests" fullname="Game.Combat.Tests" runstate="Runnable" testcasecount="75" result="Failed" site="Child" start-time="2026-07-29 03:06:29Z" end-time="2026-07-29 03:06:32Z" duration="2.056334" total="2" passed="0" failed="2" inconclusive="0" skipped="0" asserts="0">
            <properties />
            <failure>
              <message><![CDATA[One or more child tests had errors]]></message>
            </failure>
            <test-suite type="TestFixture" id="1105" name="HealthComponentInvulnerabilityTests" fullname="Game.Combat.Tests.HealthComponentInvulnerabilityTests" classname="Game.Combat.Tests.HealthComponentInvulnerabilityTests" runstate="Runnable" testcasecount="2" result="Failed" site="Child" start-time="2026-07-29 03:05:59Z" end-time="2026-07-29 03:05:59Z" duration="0.066985" total="1" passed="0" failed="1" inconclusive="0" skipped="0" asserts="0">
              <properties />
              <failure>
                <message><![CDATA[One or more child tests had errors]]></message>
              </failure>
              <test-case id="1107" name="SetInvulnerableFalse_RestoresNormalDamageFunnel" fullname="Game.Combat.Tests.HealthComponentInvulnerabilityTests.SetInvulnerableFalse_RestoresNormalDamageFunnel" methodname="SetInvulnerableFalse_RestoresNormalDamageFunnel" classname="Game.Combat.Tests.HealthComponentInvulnerabilityTests" runstate="Runnable" seed="1973106370" result="Failed" start-time="2026-07-29 03:05:59Z" end-time="2026-07-29 03:05:59Z" duration="0.034509" asserts="0">
                <properties />
                <failure>
                  <message><![CDATA[  Expected: 75.0f
  But was:  0.0f
]]></message>
                  <stack-trace><![CDATA[at Game.Combat.Tests.HealthComponentInvulnerabilityTests.SetInvulnerableFalse_RestoresNormalDamageFunnel () [0x00031] in F:\Develop Project\RPG\RPG\Assets\_Project\Tests\Combat\HealthComponentInvulnerabilityTests.cs:61
]]></stack-trace>
                </failure>
              </test-case>
            </test-suite>
            <test-suite type="TestFixture" id="1111" name="ProjectileDebugSnapshotTests" fullname="Game.Combat.Tests.ProjectileDebugSnapshotTests" classname="Game.Combat.Tests.ProjectileDebugSnapshotTests" runstate="Runnable" testcasecount="7" result="Failed" site="Child" start-time="2026-07-29 03:06:30Z" end-time="2026-07-29 03:06:32Z" duration="1.919810" total="1" passed="0" failed="1" inconclusive="0" skipped="0" asserts="0">
              <properties />
              <failure>
                <message><![CDATA[One or more child tests had errors]]></message>
              </failure>
              <test-case id="1116" name="Homing_AcquiredTarget_ReportsMovingColliderCenter" fullname="Game.Combat.Tests.ProjectileDebugSnapshotTests.Homing_AcquiredTarget_ReportsMovingColliderCenter" methodname="Homing_AcquiredTarget_ReportsMovingColliderCenter" classname="Game.Combat.Tests.ProjectileDebugSnapshotTests" runstate="Runnable" seed="1702451929" result="Failed" start-time="2026-07-29 03:05:59Z" end-time="2026-07-29 03:06:31Z" duration="32.398929" asserts="0">
                <properties>
                  <property name="_JOINTYPE" value="UnityCombinatorial" />
                  <property name="retryIteration" value="0" />
                  <property name="repeatIteration" value="0" />
                </properties>
                <failure>
                  <message><![CDATA[  Expected: True
  But was:  False
]]></message>
                  <stack-trace><![CDATA[at Game.Combat.Tests.ProjectileDebugSnapshotTests+<Homing_AcquiredTarget_ReportsMovingColliderCenter>d__5.MoveNext () [0x001bf] in F:\Develop Project\RPG\RPG\Assets\_Project\Tests\Combat\ProjectileDebugSnapshotTests.cs:169
at UnityEngine.TestTools.TestEnumerator+<Execute>d__7.MoveNext () [0x0004e] in .\Library\PackageCache\com.unity.test-framework@aebcb98460c6\UnityEngine.TestRunner\NUnitExtensions\Attributes\TestEnumerator.cs:44
]]></stack-trace>
                </failure>
              </test-case>
            </test-suite>
          </test-suite>
        </test-suite>
      </test-suite>
    </test-suite>
    <test-suite type="Assembly" id="1424" name="Game.Run.Tests.dll" fullname="F:/Develop Project/RPG/RPG/Library/ScriptAssemblies/Game.Run.Tests.dll" runstate="Runnable" testcasecount="44" result="Failed" site="Child" start-time="2026-07-29 03:06:32Z" end-time="2026-07-29 03:06:36Z" duration="4.682958" total="4" passed="2" failed="2" inconclusive="0" skipped="0" asserts="0">
      <properties>
        <property name="_PID" value="22368" />
        <property name="_APPDOMAIN" value="Unity Child Domain" />
        <property name="platform" value="EditMode" />
        <property name="EditorOnly" value="True" />
      </properties>
      <failure>
        <message><![CDATA[One or more child tests had errors]]></message>
      </failure>
      <test-suite type="TestSuite" id="1425" name="Game" fullname="Game" runstate="Runnable" testcasecount="44" result="Failed" site="Child" start-time="2026-07-29 03:06:32Z" end-time="2026-07-29 03:06:36Z" duration="4.680585" total="4" passed="2" failed="2" inconclusive="0" skipped="0" asserts="0">
        <properties />
        <failure>
          <message><![CDATA[One or more child tests had errors]]></message>
        </failure>
        <test-suite type="TestSuite" id="1426" name="Run" fullname="Game.Run" runstate="Runnable" testcasecount="44" result="Failed" site="Child" start-time="2026-07-29 03:06:32Z" end-time="2026-07-29 03:06:36Z" duration="4.580210" total="4" passed="2" failed="2" inconclusive="0" skipped="0" asserts="0">
          <properties />
          <failure>
            <message><![CDATA[One or more child tests had errors]]></message>
          </failure>
          <test-suite type="TestSuite" id="1427" name="Tests" fullname="Game.Run.Tests" runstate="Runnable" testcasecount="44" result="Failed" site="Child" start-time="2026-07-29 03:06:32Z" end-time="2026-07-29 03:06:36Z" duration="4.480521" total="4" passed="2" failed="2" inconclusive="0" skipped="0" asserts="0">
            <properties />
            <failure>
              <message><![CDATA[One or more child tests had errors]]></message>
            </failure>
            <test-suite type="TestFixture" id="1378" name="RunPauseCoordinatorTests" fullname="Game.Run.Tests.RunPauseCoordinatorTests" classname="Game.Run.Tests.RunPauseCoordinatorTests" runstate="Runnable" testcasecount="8" result="Failed" site="Child" start-time="2026-07-29 03:06:32Z" end-time="2026-07-29 03:06:32Z" duration="0.117326" total="1" passed="0" failed="1" inconclusive="0" skipped="0" asserts="0">
              <properties />
              <failure>
                <message><![CDATA[One or more child tests had errors]]></message>
              </failure>
              <test-case id="1379" name="Awake_InitializesGameplayCursorToLockedAndHidden" fullname="Game.Run.Tests.RunPauseCoordinatorTests.Awake_InitializesGameplayCursorToLockedAndHidden" methodname="Awake_InitializesGameplayCursorToLockedAndHidden" classname="Game.Run.Tests.RunPauseCoordinatorTests" runstate="Runnable" seed="1169045001" result="Failed" start-time="2026-07-29 03:06:32Z" end-time="2026-07-29 03:06:32Z" duration="0.016988" asserts="0">
                <properties>
                  <property name="retryIteration" value="0" />
                  <property name="repeatIteration" value="0" />
                </properties>
                <failure>
                  <message><![CDATA[  Expected: Locked
  But was:  None
]]></message>
                  <stack-trace><![CDATA[at Game.Run.Tests.RunPauseCoordinatorTests.Awake_InitializesGameplayCursorToLockedAndHidden () [0x00001] in F:\Develop Project\RPG\RPG\Assets\_Project\Tests\Run\RunPauseCoordinatorTests.cs:49
]]></stack-trace>
                </failure>
              </test-case>
            </test-suite>
            <test-suite type="TestFixture" id="1395" name="RunSessionCheckpointTests" fullname="Game.Run.Tests.RunSessionCheckpointTests" classname="Game.Run.Tests.RunSessionCheckpointTests" runstate="Runnable" testcasecount="4" result="Failed" site="Child" start-time="2026-07-29 03:06:32Z" end-time="2026-07-29 03:06:32Z" duration="0.076019" total="1" passed="0" failed="1" inconclusive="0" skipped="0" asserts="0">
              <properties />
              <failure>
                <message><![CDATA[One or more child tests had errors]]></message>
              </failure>
              <test-case id="1399" name="EndRun_ClearsRuntimeAndDestroysSessionAuthority" fullname="Game.Run.Tests.RunSessionCheckpointTests.EndRun_ClearsRuntimeAndDestroysSessionAuthority" methodname="EndRun_ClearsRuntimeAndDestroysSessionAuthority" classname="Game.Run.Tests.RunSessionCheckpointTests" runstate="Runnable" seed="1668311367" result="Failed" start-time="2026-07-29 03:06:32Z" end-time="2026-07-29 03:06:32Z" duration="0.006587" asserts="0">
                <properties>
                  <property name="retryIteration" value="0" />
                  <property name="repeatIteration" value="0" />
                </properties>
                <failure>
                  <message><![CDATA[  Expected: True
  But was:  False
]]></message>
                  <stack-trace><![CDATA[at Game.Run.Tests.RunSessionCheckpointTests.EndRun_ClearsRuntimeAndDestroysSessionAuthority () [0x00017] in F:\Develop Project\RPG\RPG\Assets\_Project\Tests\Run\RunSessionCheckpointTests.cs:99
]]></stack-trace>
                </failure>
              </test-case>
            </test-suite>
            <test-suite type="TestFixture" id="1417" name="SceneTransitionAuthoringTests" fullname="Game.Run.Tests.SceneTransitionAuthoringTests" classname="Game.Run.Tests.SceneTransitionAuthoringTests" runstate="Runnable" testcasecount="2" result="Passed" start-time="2026-07-29 03:06:32Z" end-time="2026-07-29 03:06:36Z" duration="4.186226" total="2" passed="2" failed="0" inconclusive="0" skipped="0" asserts="0">
              <properties />
              <test-suite type="ParameterizedMethod" id="1420" name="FadeControllerRoot_RemainsActiveAndRenderable" fullname="Game.Run.Tests.SceneTransitionAuthoringTests.FadeControllerRoot_RemainsActiveAndRenderable" classname="Game.Run.Tests.SceneTransitionAuthoringTests" runstate="Runnable" testcasecount="2" result="Passed" start-time="2026-07-29 03:06:32Z" end-time="2026-07-29 03:06:36Z" duration="4.183553" total="2" passed="2" failed="0" inconclusive="0" skipped="0" asserts="0">
                <properties />
                <test-case id="1418" name="FadeControllerRoot_RemainsActiveAndRenderable(&quot;Assets/_Project/Scenes/P7_DemoRun.unity&quot;)" fullname="Game.Run.Tests.SceneTransitionAuthoringTests.FadeControllerRoot_RemainsActiveAndRenderable(&quot;Assets/_Project/Scenes/P7_DemoRun.unity&quot;)" methodname="FadeControllerRoot_RemainsActiveAndRenderable" classname="Game.Run.Tests.SceneTransitionAuthoringTests" runstate="Runnable" seed="1968259382" result="Passed" start-time="2026-07-29 03:06:32Z" end-time="2026-07-29 03:06:33Z" duration="1.035194" asserts="0">
                  <properties>
                    <property name="retryIteration" value="0" />
                    <property name="repeatIteration" value="0" />
                  </properties>
                </test-case>
                <test-case id="1419" name="FadeControllerRoot_RemainsActiveAndRenderable(&quot;Assets/_Project/Scenes/P8_BossField.unity&quot;)" fullname="Game.Run.Tests.SceneTransitionAuthoringTests.FadeControllerRoot_RemainsActiveAndRenderable(&quot;Assets/_Project/Scenes/P8_BossField.unity&quot;)" methodname="FadeControllerRoot_RemainsActiveAndRenderable" classname="Game.Run.Tests.SceneTransitionAuthoringTests" runstate="Runnable" seed="1432103113" result="Passed" start-time="2026-07-29 03:06:33Z" end-time="2026-07-29 03:06:36Z" duration="3.046957" asserts="0">
                  <properties>
                    <property name="retryIteration" value="0" />
                    <property name="repeatIteration" value="0" />
                  </properties>
                </test-case>
              </test-suite>
            </test-suite>
          </test-suite>
        </test-suite>
      </test-suite>
    </test-suite>
    <test-suite type="Assembly" id="1534" name="Game.Skills.Tests.dll" fullname="F:/Develop Project/RPG/RPG/Library/ScriptAssemblies/Game.Skills.Tests.dll" runstate="Runnable" testcasecount="100" result="Passed" start-time="2026-07-29 03:06:36Z" end-time="2026-07-29 03:06:37Z" duration="1.024809" total="2" passed="2" failed="0" inconclusive="0" skipped="0" asserts="0">
      <properties>
        <property name="_PID" value="22368" />
        <property name="_APPDOMAIN" value="Unity Child Domain" />
        <property name="platform" value="EditMode" />
        <property name="EditorOnly" value="True" />
      </properties>
      <test-suite type="TestSuite" id="1535" name="Game" fullname="Game" runstate="Runnable" testcasecount="100" result="Passed" start-time="2026-07-29 03:06:37Z" end-time="2026-07-29 03:06:37Z" duration="0.274525" total="2" passed="2" failed="0" inconclusive="0" skipped="0" asserts="0">
        <properties />
        <test-suite type="TestSuite" id="1536" name="Skills" fullname="Game.Skills" runstate="Runnable" testcasecount="100" result="Passed" start-time="2026-07-29 03:06:37Z" end-time="2026-07-29 03:06:37Z" duration="0.202526" total="2" passed="2" failed="0" inconclusive="0" skipped="0" asserts="0">
          <properties />
          <test-suite type="TestSuite" id="1537" name="Tests" fullname="Game.Skills.Tests" runstate="Runnable" testcasecount="100" result="Passed" start-time="2026-07-29 03:06:37Z" end-time="2026-07-29 03:06:37Z" duration="0.125705" total="2" passed="2" failed="0" inconclusive="0" skipped="0" asserts="0">
            <properties />
            <test-suite type="TestFixture" id="1428" name="CastEvaluatorTests" fullname="Game.Skills.Tests.CastEvaluatorTests" classname="Game.Skills.Tests.CastEvaluatorTests" runstate="Runnable" testcasecount="57" result="Passed" start-time="2026-07-29 03:06:37Z" end-time="2026-07-29 03:06:37Z" duration="0.109908" total="1" passed="1" failed="0" inconclusive="0" skipped="0" asserts="0">
              <properties />
              <test-case id="1448" name="Multicast_AfterEmit_ReopensBudget" fullname="Game.Skills.Tests.CastEvaluatorTests.Multicast_AfterEmit_ReopensBudget" methodname="Multicast_AfterEmit_ReopensBudget" classname="Game.Skills.Tests.CastEvaluatorTests" runstate="Runnable" seed="1251183671" result="Passed" start-time="2026-07-29 03:06:37Z" end-time="2026-07-29 03:06:37Z" duration="0.009367" asserts="0">
                <properties>
                  <property name="retryIteration" value="0" />
                  <property name="repeatIteration" value="0" />
                </properties>
              </test-case>
            </test-suite>
            <test-suite type="TestFixture" id="1497" name="CastTraceTests" fullname="Game.Skills.Tests.CastTraceTests" classname="Game.Skills.Tests.CastTraceTests" runstate="Runnable" testcasecount="14" result="Passed" start-time="2026-07-29 03:06:37Z" end-time="2026-07-29 03:06:37Z" duration="0.012541" total="1" passed="1" failed="0" inconclusive="0" skipped="0" asserts="0">
              <properties />
              <test-case id="1506" name="EvaluateWithTrace_ZeroBudget_RecordsBlockedEmit" fullname="Game.Skills.Tests.CastTraceTests.EvaluateWithTrace_ZeroBudget_RecordsBlockedEmit" methodname="EvaluateWithTrace_ZeroBudget_RecordsBlockedEmit" classname="Game.Skills.Tests.CastTraceTests" runstate="Runnable" seed="1611523161" result="Passed" start-time="2026-07-29 03:06:37Z" end-time="2026-07-29 03:06:37Z" duration="0.001933" asserts="0">
                <properties>
                  <property name="retryIteration" value="0" />
                  <property name="repeatIteration" value="0" />
                </properties>
                <output><![CDATA[Saving results to: C:/Users/zhy/AppData/LocalLow/Haoyu/Norn：The Lost Spells\TestResults.xml
]]></output>
              </test-case>
            </test-suite>
          </test-suite>
        </test-suite>
      </test-suite>
    </test-suite>
  </test-suite>
</test-run>